<?xml version="1.0" encoding="UTF-8"?>
<!-- Generated by org.testng.reporters.JUnitXMLReporter -->
<testsuite hostname="Tus-MacBook-Pro.attlocal.net" ignored="0" name="Group 2" tests="3" failures="0" timestamp="2022-09-16T20:23:47 CDT" time="98.596" errors="0">
  <testcase name="testCheapComputerBuying" time="56.905" classname="test.computer.BuyingCheapComputerTest"/>
  <testcase name="testCheapComputerBuying" time="20.245" classname="test.computer.BuyingCheapComputerTest"/>
  <testcase name="testCheapComputerBuying" time="20.427" classname="test.computer.BuyingCheapComputerTest"/>
</testsuite> <!-- Group 2 -->
