<?xml version="1.0" encoding="UTF-8"?>
<!-- Generated by org.testng.reporters.JUnitXMLReporter -->
<testsuite hostname="Tus-MacBook-Pro.attlocal.net" ignored="0" name="Group 4" tests="2" failures="2" timestamp="2022-09-16T20:22:31 CDT" time="22.537" errors="0">
  <testcase name="testFooterCategoryPage" time="12.437" classname="test.global.footer.FooterTest">
    <failure type="java.lang.AssertionError" message="Demo taking screenshot when test is failed!">
      <![CDATA[java.lang.AssertionError: Demo taking screenshot when test is failed!
at test.global.footer.FooterTest.testFooterCategoryPage(FooterTest.java:16)
at java.util.ArrayList.forEach(ArrayList.java:1257)
at java.util.concurrent.FutureTask.run(FutureTask.java:266)
at java.util.concurrent.ThreadPoolExecutor.runWorker(ThreadPoolExecutor.java:1149)
at java.util.concurrent.ThreadPoolExecutor$Worker.run(ThreadPoolExecutor.java:624)
at java.lang.Thread.run(Thread.java:748)
... Removed 19 stack frames]]>
    </failure>
  </testcase> <!-- testFooterCategoryPage -->
  <testcase name="testFooterHomePage" time="2.632" classname="test.global.footer.FooterTest">
    <failure type="java.lang.AssertionError" message="[ERR] Actual and expected hyperlinks are different!: Lists differ at element [0]: http://demowebshop.tricentis.com/sitemap != https://demowebshop.tricentis.com/sitemap expected [http://demowebshop.tricentis.com/sitemap] but found [https://demowebshop.tricentis.com/sitemap]">
      <![CDATA[java.lang.AssertionError: [ERR] Actual and expected hyperlinks are different!: Lists differ at element [0]: http://demowebshop.tricentis.com/sitemap != https://demowebshop.tricentis.com/sitemap expected [http://demowebshop.tricentis.com/sitemap] but found [https://demowebshop.tricentis.com/sitemap]
at test_flows.global.FooterTestFlow.verifyFooterColumn(FooterTestFlow.java:127)
at test_flows.global.FooterTestFlow.verifyInformationColumn(FooterTestFlow.java:48)
at test_flows.global.FooterTestFlow.verifyFooterComponent(FooterTestFlow.java:34)
at test.global.footer.FooterTest.testFooterHomePage(FooterTest.java:26)
at java.util.ArrayList.forEach(ArrayList.java:1257)
at java.util.concurrent.FutureTask.run(FutureTask.java:266)
at java.util.concurrent.ThreadPoolExecutor.runWorker(ThreadPoolExecutor.java:1149)
at java.util.concurrent.ThreadPoolExecutor$Worker.run(ThreadPoolExecutor.java:624)
at java.lang.Thread.run(Thread.java:748)
... Removed 22 stack frames]]>
    </failure>
  </testcase> <!-- testFooterHomePage -->
</testsuite> <!-- Group 4 -->
