<?xml version="1.0" encoding="UTF-8"?>
<!-- Generated by org.testng.reporters.JUnitXMLReporter -->
<testsuite hostname="Tus-MacBook-Pro.attlocal.net" ignored="0" name="Group 1" tests="3" failures="0" timestamp="2022-09-16T20:23:47 CDT" time="98.638" errors="0">
  <testcase name="testStandardComputerBuying" time="56.414" classname="test.computer.BuyingStandardComputerTest"/>
  <testcase name="testStandardComputerBuying" time="20.228" classname="test.computer.BuyingStandardComputerTest"/>
  <testcase name="testStandardComputerBuying" time="20.939" classname="test.computer.BuyingStandardComputerTest"/>
</testsuite> <!-- Group 1 -->
